<?xml version="1.0" encoding="UTF-8"?>
<!-- Generated by org.testng.reporters.JUnitReportReporter -->
<testsuite hostname="DESKTOP-C4BDBLN" failures="0" tests="2" name="BinhBT3.Selenium.tests.ErrorValidations" time="46.817" errors="0" timestamp="2023-03-21T20:02:15 ICT" skipped="0">
  <testcase classname="BinhBT3.Selenium.tests.ErrorValidations" name="LoginErrorValidation" time="22.549"/>
  <system-out/>
  <testcase classname="BinhBT3.Selenium.tests.ErrorValidations" name="ProductErrorValidatiob" time="24.268"/>
  <system-out/>
</testsuite> <!-- BinhBT3.Selenium.tests.ErrorValidations -->
