<?xml version="1.0" encoding="UTF-8"?>
<!-- Generated by org.testng.reporters.JUnitReportReporter -->
<testsuite hostname="DESKTOP-C4BDBLN" failures="0" tests="1" name="BinhBT3.Selenium.tests.ErrorValidationsTest" time="11.825" errors="0" timestamp="2023-03-28T10:09:00 ICT" skipped="0">
  <testcase classname="BinhBT3.Selenium.tests.ErrorValidationsTest" name="LoginErrorWrongPasswordValidation" time="11.825"/>
  <system-out/>
</testsuite> <!-- BinhBT3.Selenium.tests.ErrorValidationsTest -->
